2021-02-05T13:54:58+00:00 CRITICAL Uncaught Error: Class 'Understrap_WP_Bootstrap_Navwalker' not found in C:\wamp64\www\preambule\wp-content\themes\storefront-child\header.php:63
Stack trace:
#0 C:\wamp64\www\preambule\wp-includes\template.php(730): require_once()
#1 C:\wamp64\www\preambule\wp-includes\template.php(676): load_template('C:\\wamp64\\www\\p...', true, Array)
#2 C:\wamp64\www\preambule\wp-includes\general-template.php(48): locate_template(Array, true, true, Array)
#3 C:\wamp64\www\preambule\wp-content\themes\storefront-child\index.php(14): get_header()
#4 C:\wamp64\www\preambule\wp-includes\template-loader.php(106): include('C:\\wamp64\\www\\p...')
#5 C:\wamp64\www\preambule\wp-blog-header.php(19): require_once('C:\\wamp64\\www\\p...')
#6 C:\wamp64\www\preambule\index.php(17): require('C:\\wamp64\\www\\p...')
#7 {main}
  thrown in C:\wamp64\www\preambule\wp-content\themes\storefront-child\header.php on line 63

2021-02-05T13:54:59+00:00 CRITICAL Uncaught Error: Class 'Understrap_WP_Bootstrap_Navwalker' not found in C:\wamp64\www\preambule\wp-content\themes\storefront-child\header.php:63
Stack trace:
#0 C:\wamp64\www\preambule\wp-includes\template.php(730): require_once()
#1 C:\wamp64\www\preambule\wp-includes\template.php(676): load_template('C:\\wamp64\\www\\p...', true, Array)
#2 C:\wamp64\www\preambule\wp-includes\general-template.php(48): locate_template(Array, true, true, Array)
#3 C:\wamp64\www\preambule\wp-content\themes\storefront-child\404.php(8): get_header()
#4 C:\wamp64\www\preambule\wp-includes\template-loader.php(106): include('C:\\wamp64\\www\\p...')
#5 C:\wamp64\www\preambule\wp-blog-header.php(19): require_once('C:\\wamp64\\www\\p...')
#6 C:\wamp64\www\preambule\index.php(17): require('C:\\wamp64\\www\\p...')
#7 {main}
  thrown in C:\wamp64\www\preambule\wp-content\themes\storefront-child\header.php on line 63

